a. Jumlah penumpang dalam setiap antrian:
	Antrian 1:
		Rata-rata: 129
		Maksimum: 241
	Antrian 2:
		Rata-rata: 32
		Maksimum: 90
	Antrian 3:
		Rata-rata: 83
		Maksimum: 168

b. Delay dalam setiap antrian:
	Antrian 1:
		Rata-rata: 33412.58
		Maksimum: 63776.15
	Antrian 2:
		Rata-rata: 11331.27
		Maksimum: 31805.59
	Antrian 3:
		Rata-rata: 13119.01
		Maksimum: 24755.82

c. Jumlah penumpang dalam bus:
	Rata-rata: 19
	Maksimum: 20

d. Durasi bus berada di setiap lokasi:
	Lokasi 1:
		Rata-rata: 479.25
		Maksimum: 1615.28
		Minimum: 303.48
	Lokasi 2:
		Rata-rata: 598.65
		Maksimum: 2666.22
		Minimum: 306.14
	Lokasi 3:
		Rata-rata: 441.00
		Maksimum: 946.74
		Minimum: 302.15

e. Waktu tempuh bus untuk melakukan satu keliling:
	Rata-rata: 1261
	Maksimum: 5370
	Minimum: 0

f. Durasi penumpang berada di sistem:
	Penumpang dari antrian 1:
		Rata-rata: 34974.15
		Maksimum: 64209.03
		Minimum: 1097.90
	Penumpang dari antrian 2:
		Rata-rata: 12903.65
		Maksimum: 33227.08
		Minimum: 695.76
	Penumpang dari antrian 3:
		Rata-rata: 14661.75
		Maksimum: 27300.37
		Minimum: 1020.17
